       t(ticks) ;         id_viat ;          destin ;      t_estacion ;          t_vida ;          observ
     1719589190 ;               ? ;               ? ;               ? ;               ? ;        abertura
              0 ;               1 ;               O ;              20 ;               0 ;       encerrado
             10 ;               2 ;               S ;              70 ;               0 ;       encerrado
             10 ;               3 ;               E ;              60 ;               0 ;       encerrado
             10 ;               4 ;               O ;              30 ;               0 ;       encerrado
             10 ;               5 ;               E ;              30 ;               0 ;       encerrado
             10 ;               6 ;               O ;              10 ;               0 ;       encerrado
             10 ;               7 ;               N ;              20 ;               0 ;       encerrado
             20 ;               8 ;               E ;              70 ;               0 ;       encerrado
             30 ;               9 ;               E ;              80 ;               0 ;       encerrado
             30 ;              10 ;               N ;              60 ;               0 ;       encerrado
             40 ;              11 ;               N ;              10 ;               0 ;       encerrado
             40 ;              12 ;               O ;              70 ;               0 ;       encerrado
             40 ;              13 ;               S ;             100 ;               0 ;       encerrado
             50 ;              15 ;               N ;             100 ;               0 ;       encerrado
             50 ;              14 ;               S ;              60 ;               0 ;       encerrado
             70 ;              16 ;               N ;              90 ;               0 ;       encerrado
             90 ;              17 ;               E ;              50 ;               0 ;       encerrado
            110 ;              18 ;               S ;              70 ;               0 ;       encerrado
            120 ;              19 ;               E ;             100 ;               0 ;       encerrado
            120 ;              20 ;               E ;              10 ;               0 ;       encerrado
            130 ;              22 ;               N ;             100 ;               0 ;       encerrado
            130 ;              21 ;               E ;              50 ;               0 ;       encerrado
            150 ;              23 ;               E ;              30 ;               0 ;       encerrado
            160 ;              24 ;               E ;              40 ;               0 ;       encerrado
            160 ;              25 ;               S ;              50 ;               0 ;       encerrado
            160 ;              26 ;               N ;              10 ;               0 ;       encerrado
            180 ;              29 ;               S ;              60 ;               0 ;         entrada
            180 ;              27 ;               O ;              90 ;               0 ;         entrada
            180 ;              28 ;               N ;              50 ;               0 ;         entrada
            180 ;              30 ;               O ;              50 ;               0 ;         entrada
            200 ;              31 ;               S ;              30 ;               0 ;         entrada
            210 ;              32 ;               O ;              60 ;               0 ;         entrada
            210 ;              33 ;               O ;              90 ;               0 ;         entrada
            210 ;              34 ;               N ;              90 ;               0 ;         entrada
            230 ;              28 ;               N ;              50 ;              50 ;           saida
            230 ;              30 ;               O ;              50 ;              50 ;           saida
            230 ;              31 ;               S ;              30 ;              30 ;           saida
            230 ;              35 ;               E ;              50 ;               0 ;         entrada
            240 ;              29 ;               S ;              60 ;              60 ;           saida
            250 ;              36 ;               O ;              90 ;               0 ;         entrada
            270 ;              27 ;               O ;              90 ;              90 ;           saida
            270 ;              32 ;               O ;              60 ;              60 ;           saida
            270 ;              37 ;               S ;              90 ;               0 ;         entrada
            270 ;              38 ;               O ;              80 ;               0 ;         entrada
            280 ;              35 ;               E ;              50 ;              50 ;           saida
            280 ;              39 ;               N ;              20 ;               0 ;         entrada
            290 ;              40 ;               N ;              30 ;               0 ;         entrada
            290 ;              41 ;               E ;              10 ;               0 ;         entrada
            290 ;              42 ;               S ;              20 ;               0 ;         entrada
            300 ;              33 ;               O ;              90 ;              90 ;           saida
            300 ;              34 ;               N ;              90 ;              90 ;           saida
            300 ;              39 ;               N ;              20 ;              20 ;           saida
            300 ;              41 ;               E ;              10 ;              10 ;           saida
            310 ;              43 ;               S ;              50 ;               0 ;         entrada
            310 ;              44 ;               S ;              90 ;               0 ;         entrada
            310 ;              42 ;               S ;              20 ;              20 ;           saida
            320 ;              40 ;               N ;              30 ;              30 ;           saida
            320 ;              45 ;               O ;              20 ;               0 ;         entrada
            320 ;              47 ;               O ;              10 ;               0 ;         entrada
            320 ;              46 ;               N ;             100 ;               0 ;         entrada
            320 ;              48 ;               E ;              10 ;               0 ;         entrada
            331 ;              48 ;               E ;              10 ;              11 ;           saida
            331 ;              47 ;               O ;              10 ;              11 ;           saida
            331 ;              49 ;               O ;              40 ;               1 ;         entrada
            331 ;              50 ;               O ;              80 ;               1 ;         entrada
            331 ;              51 ;               E ;              60 ;               0 ;         entrada
            331 ;              52 ;               E ;              90 ;               0 ;         entrada
            340 ;              36 ;               O ;              90 ;              90 ;           saida
            340 ;              45 ;               O ;              20 ;              20 ;           saida
            341 ;              53 ;               E ;              40 ;               0 ;         entrada
            350 ;              38 ;               O ;              80 ;              80 ;           saida
            351 ;              54 ;               N ;              80 ;               0 ;         entrada
            360 ;              37 ;               S ;              90 ;              90 ;           saida
            360 ;              43 ;               S ;              50 ;              50 ;           saida
            361 ;              55 ;               O ;              10 ;               0 ;         entrada
            361 ;              56 ;               S ;              50 ;               0 ;         entrada
            361 ;              58 ;               O ;             100 ;               0 ;         entrada
            361 ;              57 ;               E ;              60 ;               0 ;         entrada
            371 ;              49 ;               O ;              40 ;              41 ;           saida
            371 ;              55 ;               O ;              10 ;              10 ;           saida
            371 ;              59 ;               O ;              90 ;               0 ;         entrada
            371 ;              60 ;               O ;             100 ;               0 ;         entrada
            371 ;              61 ;               N ;              20 ;               0 ;         entrada
            371 ;              62 ;               E ;              30 ;               0 ;         entrada
            381 ;              53 ;               E ;              40 ;              40 ;           saida
            391 ;              51 ;               E ;              60 ;              60 ;           saida
            391 ;              61 ;               N ;              20 ;              20 ;           saida
            391 ;              63 ;               S ;              10 ;               0 ;         entrada
            400 ;              44 ;               S ;              90 ;              90 ;           saida
            401 ;              62 ;               E ;              30 ;              30 ;           saida
            401 ;              63 ;               S ;              10 ;              10 ;           saida
            401 ;              65 ;               E ;              30 ;               0 ;         entrada
            401 ;              64 ;               S ;              50 ;               0 ;         entrada
            411 ;              50 ;               O ;              80 ;              81 ;           saida
            411 ;              56 ;               S ;              50 ;              50 ;           saida
            421 ;              46 ;               N ;             100 ;             101 ;           saida
            421 ;              52 ;               E ;              90 ;              90 ;           saida
            421 ;              57 ;               E ;              60 ;              60 ;           saida
            421 ;              66 ;               S ;              80 ;               0 ;         entrada
            431 ;              54 ;               N ;              80 ;              80 ;           saida
            431 ;              65 ;               E ;              30 ;              30 ;           saida
            441 ;              67 ;               S ;              40 ;               0 ;         entrada
            441 ;              68 ;               N ;              50 ;               0 ;         entrada
            441 ;              69 ;               O ;              60 ;               0 ;         entrada
            441 ;              70 ;               E ;              50 ;               0 ;         entrada
            451 ;              64 ;               S ;              50 ;              50 ;           saida
            451 ;              71 ;               S ;              90 ;               0 ;         entrada
            461 ;              58 ;               O ;             100 ;             100 ;           saida
            461 ;              59 ;               O ;              90 ;              90 ;           saida
            461 ;              72 ;               O ;              60 ;               0 ;         entrada
            461 ;              73 ;               O ;              30 ;               0 ;         entrada
            461 ;              74 ;               O ;              80 ;               0 ;         entrada
            471 ;              60 ;               O ;             100 ;             100 ;           saida
            481 ;              67 ;               S ;              40 ;              40 ;           saida
            481 ;              75 ;               S ;              40 ;               0 ;         entrada
            491 ;              68 ;               N ;              50 ;              50 ;           saida
            491 ;              70 ;               E ;              50 ;              50 ;           saida
            491 ;              73 ;               O ;              30 ;              30 ;           saida
            491 ;              76 ;               N ;              70 ;               0 ;         entrada
            501 ;              66 ;               S ;              80 ;              80 ;           saida
            501 ;              69 ;               O ;              60 ;              60 ;           saida
            511 ;              78 ;               O ;              80 ;               0 ;         entrada
            511 ;              77 ;               S ;              90 ;               0 ;         entrada
            511 ;              79 ;               N ;              40 ;               0 ;         entrada
            521 ;              72 ;               O ;              60 ;              60 ;           saida
            521 ;              75 ;               S ;              40 ;              40 ;           saida
            521 ;              80 ;               N ;              30 ;               0 ;         entrada
            531 ;              81 ;               O ;              60 ;               0 ;         entrada
            531 ;              82 ;               N ;              90 ;               0 ;         entrada
            541 ;              71 ;               S ;              90 ;              90 ;           saida
            541 ;              74 ;               O ;              80 ;              80 ;           saida
            541 ;              83 ;               S ;             100 ;               0 ;         entrada
            541 ;              84 ;               N ;              70 ;               0 ;         entrada
            541 ;              85 ;               E ;              10 ;               0 ;         entrada
            541 ;              86 ;               N ;              80 ;               0 ;         entrada
            541 ;              87 ;               E ;              30 ;               0 ;         entrada
            541 ;              89 ;               N ;              90 ;               0 ;         entrada
            541 ;              88 ;               N ;              40 ;               0 ;         entrada
            541 ;              90 ;               E ;              10 ;               0 ;         entrada
            541 ;              91 ;               S ;              90 ;               0 ;         entrada
            541 ;              92 ;               E ;              60 ;               0 ;         entrada
            551 ;              80 ;               N ;              30 ;              30 ;           saida
            551 ;              79 ;               N ;              40 ;              40 ;           saida
            551 ;              85 ;               E ;              10 ;              10 ;           saida
            551 ;              90 ;               E ;              10 ;              10 ;           saida
            561 ;              76 ;               N ;              70 ;              70 ;           saida
            561 ;              94 ;               E ;              70 ;               0 ;         entrada
            561 ;              93 ;               N ;              50 ;               0 ;         entrada
            561 ;              95 ;               S ;              50 ;               0 ;         entrada
            571 ;              87 ;               E ;              30 ;              30 ;           saida
            571 ;              97 ;               N ;              40 ;               0 ;         entrada
            571 ;              96 ;               O ;              10 ;               0 ;         entrada
            581 ;              88 ;               N ;              40 ;              40 ;           saida
            581 ;              96 ;               O ;              10 ;              10 ;           saida
            581 ;              98 ;               E ;              80 ;               0 ;         entrada
            591 ;              78 ;               O ;              80 ;              80 ;           saida
            591 ;              81 ;               O ;              60 ;              60 ;           saida
            591 ;              99 ;               S ;             100 ;               0 ;         entrada
            601 ;              77 ;               S ;              90 ;              90 ;           saida
            601 ;              92 ;               E ;              60 ;              60 ;           saida
            601 ;             100 ;               E ;              70 ;               0 ;         entrada
            601 ;             101 ;               E ;              50 ;               0 ;         entrada
            611 ;              84 ;               N ;              70 ;              70 ;           saida
            611 ;              93 ;               N ;              50 ;              50 ;           saida
            611 ;              95 ;               S ;              50 ;              50 ;           saida
            611 ;              97 ;               N ;              40 ;              40 ;           saida
            611 ;             102 ;               S ;             100 ;               0 ;         entrada
            611 ;             103 ;               E ;              70 ;               0 ;         entrada
            611 ;             104 ;               E ;              50 ;               0 ;         entrada
            611 ;             105 ;               E ;              10 ;               0 ;         entrada
            611 ;             106 ;               O ;              80 ;               0 ;         entrada
            611 ;             108 ;               O ;              80 ;               0 ;         entrada
            611 ;             107 ;               S ;              30 ;               0 ;         entrada
            621 ;              82 ;               N ;              90 ;              90 ;           saida
            621 ;              86 ;               N ;              80 ;              80 ;           saida
            621 ;             105 ;               E ;              10 ;              10 ;           saida
            621 ;             109 ;               S ;              70 ;               0 ;         entrada
            631 ;              89 ;               N ;              90 ;              90 ;           saida
            631 ;              91 ;               S ;              90 ;              90 ;           saida
            631 ;              94 ;               E ;              70 ;              70 ;           saida
            641 ;              83 ;               S ;             100 ;             100 ;           saida
            641 ;             107 ;               S ;              30 ;              30 ;           saida
            641 ;             110 ;               O ;              60 ;               0 ;         entrada
            651 ;             101 ;               E ;              50 ;              50 ;           saida
            651 ;             111 ;               N ;              70 ;               0 ;         entrada
            661 ;              98 ;               E ;              80 ;              80 ;           saida
            661 ;             104 ;               E ;              50 ;              50 ;           saida
            661 ;             113 ;               O ;              20 ;               0 ;       encerrado
            661 ;             112 ;               E ;              90 ;               0 ;         entrada
            661 ;             114 ;               N ;              90 ;               0 ;       encerrado
            671 ;             100 ;               E ;              70 ;              70 ;           saida
            671 ;             115 ;               S ;              10 ;               0 ;       encerrado
            681 ;             103 ;               E ;              70 ;              70 ;           saida
            681 ;             116 ;               E ;              90 ;               0 ;       encerrado
            691 ;              99 ;               S ;             100 ;             100 ;           saida
            691 ;             106 ;               O ;              80 ;              80 ;           saida
            691 ;             108 ;               O ;              80 ;              80 ;           saida
            691 ;             109 ;               S ;              70 ;              70 ;           saida
            691 ;             117 ;               E ;             100 ;               0 ;       encerrado
            691 ;             118 ;               S ;              30 ;               0 ;       encerrado
            701 ;             110 ;               O ;              60 ;              60 ;           saida
            702 ;             119 ;               S ;              20 ;               0 ;       encerrado
            711 ;             102 ;               S ;             100 ;             100 ;           saida
            721 ;             111 ;               N ;              70 ;              70 ;           saida
            722 ;             120 ;               O ;              40 ;               0 ;       encerrado
            722 ;             121 ;               E ;              10 ;               0 ;       encerrado
            722 ;             122 ;               N ;              50 ;               0 ;       encerrado
            722 ;             123 ;               N ;              50 ;               0 ;       encerrado
            722 ;             124 ;               N ;              30 ;               0 ;       encerrado
            742 ;             125 ;               O ;              60 ;               0 ;       encerrado
            742 ;             126 ;               O ;             100 ;               0 ;       encerrado
            751 ;             112 ;               E ;              90 ;              90 ;           saida
            752 ;             127 ;               E ;              60 ;               0 ;       encerrado
            752 ;             128 ;               S ;              80 ;               0 ;       encerrado
            752 ;             129 ;               S ;              20 ;               0 ;       encerrado
            752 ;             130 ;               E ;              40 ;               0 ;       encerrado
            772 ;             131 ;               E ;              60 ;               0 ;       encerrado
            772 ;             132 ;               E ;              40 ;               0 ;       encerrado
            792 ;             133 ;               E ;              50 ;               0 ;       encerrado
            802 ;             134 ;               E ;              80 ;               0 ;       encerrado
            802 ;             135 ;               O ;              80 ;               0 ;       encerrado
            802 ;             136 ;               N ;              10 ;               0 ;       encerrado
            802 ;             137 ;               O ;              60 ;               0 ;       encerrado
            802 ;             138 ;               O ;              70 ;               0 ;       encerrado
            812 ;             139 ;               S ;              50 ;               0 ;       encerrado
            822 ;             140 ;               N ;              80 ;               0 ;       encerrado
            832 ;             141 ;               E ;              80 ;               0 ;       encerrado
            852 ;             142 ;               S ;              70 ;               0 ;       encerrado
            872 ;             143 ;               E ;              30 ;               0 ;       encerrado
            892 ;             144 ;               N ;              50 ;               0 ;       encerrado
            892 ;             145 ;               E ;              90 ;               0 ;       encerrado
            892 ;             146 ;               O ;              90 ;               0 ;       encerrado
            902 ;             147 ;               O ;              70 ;               0 ;       encerrado
            902 ;             148 ;               E ;             100 ;               0 ;       encerrado
            902 ;             149 ;               S ;              90 ;               0 ;       encerrado
            912 ;             150 ;               O ;              20 ;               0 ;       encerrado
            922 ;             151 ;               E ;              10 ;               0 ;       encerrado
            932 ;             152 ;               S ;              10 ;               0 ;       encerrado
            952 ;             153 ;               S ;              50 ;               0 ;       encerrado
            952 ;             154 ;               S ;              50 ;               0 ;       encerrado
            962 ;             155 ;               E ;              10 ;               0 ;       encerrado
            972 ;             156 ;               N ;             100 ;               0 ;       encerrado
            972 ;             157 ;               O ;              20 ;               0 ;       encerrado
            972 ;             158 ;               E ;              50 ;               0 ;       encerrado
            992 ;             159 ;               S ;              70 ;               0 ;       encerrado
            992 ;             160 ;               E ;              50 ;               0 ;       encerrado
     1719590192 ;               ? ;               ? ;               ? ;               ? ;           fecho